[2020-07-13 16:01:29] laravel.EMERGENCY: Unable to create configured logger. Using emergency logger. {"exception":"[object] (InvalidArgumentException(code: 0): Log [] is not defined. at /Users/admin/Homespace/Laravel-projects/Kings/Press/vendor/laravel/framework/src/Illuminate/Log/LogManager.php:192)
[stacktrace]
#0 /Users/admin/Homespace/Laravel-projects/Kings/Press/vendor/laravel/framework/src/Illuminate/Log/LogManager.php(118): Illuminate\\Log\\LogManager->resolve(NULL)
#1 /Users/admin/Homespace/Laravel-projects/Kings/Press/vendor/laravel/framework/src/Illuminate/Log/LogManager.php(98): Illuminate\\Log\\LogManager->get(NULL)
#2 /Users/admin/Homespace/Laravel-projects/Kings/Press/vendor/laravel/framework/src/Illuminate/Log/LogManager.php(547): Illuminate\\Log\\LogManager->driver()
#3 /Users/admin/Homespace/Laravel-projects/Kings/Press/vendor/laravel/framework/src/Illuminate/Foundation/Exceptions/Handler.php(122): Illuminate\\Log\\LogManager->error('The \"\" director...', Array)
#4 /Users/admin/Homespace/Laravel-projects/Kings/Press/src/Exceptions/Handler.php(39): Illuminate\\Foundation\\Exceptions\\Handler->report(Object(Symfony\\Component\\Finder\\Exception\\DirectoryNotFoundException))
#5 /Users/admin/Homespace/Laravel-projects/Kings/Press/vendor/laravel/framework/src/Illuminate/Foundation/Console/Kernel.php(366): Kings\\Press\\Exceptions\\Handler->report(Object(Symfony\\Component\\Finder\\Exception\\DirectoryNotFoundException))
#6 /Users/admin/Homespace/Laravel-projects/Kings/Press/vendor/laravel/framework/src/Illuminate/Foundation/Console/Kernel.php(131): Illuminate\\Foundation\\Console\\Kernel->reportException(Object(Symfony\\Component\\Finder\\Exception\\DirectoryNotFoundException))
#7 /Users/admin/Homespace/Laravel-projects/Kings/Press/artisan(37): Illuminate\\Foundation\\Console\\Kernel->handle(Object(Symfony\\Component\\Console\\Input\\ArgvInput), Object(Symfony\\Component\\Console\\Output\\ConsoleOutput))
#8 {main}
"} 
[2020-07-13 16:01:29] laravel.ERROR: The "" directory does not exist. {"exception":"[object] (Symfony\\Component\\Finder\\Exception\\DirectoryNotFoundException(code: 0): The \"\" directory does not exist. at /Users/admin/Homespace/Laravel-projects/Kings/Press/vendor/symfony/finder/Finder.php:589)
[stacktrace]
#0 /Users/admin/Homespace/Laravel-projects/Kings/Press/vendor/laravel/framework/src/Illuminate/Foundation/Bootstrap/LoadConfiguration.php(88): Symfony\\Component\\Finder\\Finder->in(false)
#1 /Users/admin/Homespace/Laravel-projects/Kings/Press/vendor/laravel/framework/src/Illuminate/Foundation/Bootstrap/LoadConfiguration.php(65): Illuminate\\Foundation\\Bootstrap\\LoadConfiguration->getConfigurationFiles(Object(Illuminate\\Foundation\\Application))
#2 /Users/admin/Homespace/Laravel-projects/Kings/Press/vendor/laravel/framework/src/Illuminate/Foundation/Bootstrap/LoadConfiguration.php(39): Illuminate\\Foundation\\Bootstrap\\LoadConfiguration->loadConfigurationFiles(Object(Illuminate\\Foundation\\Application), Object(Illuminate\\Config\\Repository))
#3 /Users/admin/Homespace/Laravel-projects/Kings/Press/vendor/laravel/framework/src/Illuminate/Foundation/Application.php(230): Illuminate\\Foundation\\Bootstrap\\LoadConfiguration->bootstrap(Object(Illuminate\\Foundation\\Application))
#4 /Users/admin/Homespace/Laravel-projects/Kings/Press/vendor/laravel/framework/src/Illuminate/Foundation/Console/Kernel.php(310): Illuminate\\Foundation\\Application->bootstrapWith(Array)
#5 /Users/admin/Homespace/Laravel-projects/Kings/Press/vendor/laravel/framework/src/Illuminate/Foundation/Console/Kernel.php(127): Illuminate\\Foundation\\Console\\Kernel->bootstrap()
#6 /Users/admin/Homespace/Laravel-projects/Kings/Press/artisan(37): Illuminate\\Foundation\\Console\\Kernel->handle(Object(Symfony\\Component\\Console\\Input\\ArgvInput), Object(Symfony\\Component\\Console\\Output\\ConsoleOutput))
#7 {main}
"} 
[2020-07-13 16:16:23] laravel.EMERGENCY: Unable to create configured logger. Using emergency logger. {"exception":"[object] (InvalidArgumentException(code: 0): Log [] is not defined. at /home/vagrant/Laravel-projects/Kings/Press/vendor/laravel/framework/src/Illuminate/Log/LogManager.php:192)
[stacktrace]
#0 /home/vagrant/Laravel-projects/Kings/Press/vendor/laravel/framework/src/Illuminate/Log/LogManager.php(118): Illuminate\\Log\\LogManager->resolve()
#1 /home/vagrant/Laravel-projects/Kings/Press/vendor/laravel/framework/src/Illuminate/Log/LogManager.php(98): Illuminate\\Log\\LogManager->get()
#2 /home/vagrant/Laravel-projects/Kings/Press/vendor/laravel/framework/src/Illuminate/Log/LogManager.php(547): Illuminate\\Log\\LogManager->driver()
#3 /home/vagrant/Laravel-projects/Kings/Press/vendor/laravel/framework/src/Illuminate/Foundation/Exceptions/Handler.php(122): Illuminate\\Log\\LogManager->error()
#4 /home/vagrant/Laravel-projects/Kings/Press/src/Exceptions/Handler.php(39): Illuminate\\Foundation\\Exceptions\\Handler->report()
#5 /home/vagrant/Laravel-projects/Kings/Press/vendor/laravel/framework/src/Illuminate/Foundation/Console/Kernel.php(366): Kings\\Press\\Exceptions\\Handler->report()
#6 /home/vagrant/Laravel-projects/Kings/Press/vendor/laravel/framework/src/Illuminate/Foundation/Console/Kernel.php(131): Illuminate\\Foundation\\Console\\Kernel->reportException()
#7 /home/vagrant/Laravel-projects/Kings/Press/artisan(37): Illuminate\\Foundation\\Console\\Kernel->handle()
#8 {main}
"} 
[2020-07-13 16:16:23] laravel.ERROR: The "" directory does not exist. {"exception":"[object] (Symfony\\Component\\Finder\\Exception\\DirectoryNotFoundException(code: 0): The \"\" directory does not exist. at /home/vagrant/Laravel-projects/Kings/Press/vendor/symfony/finder/Finder.php:589)
[stacktrace]
#0 /home/vagrant/Laravel-projects/Kings/Press/vendor/laravel/framework/src/Illuminate/Foundation/Bootstrap/LoadConfiguration.php(88): Symfony\\Component\\Finder\\Finder->in()
#1 /home/vagrant/Laravel-projects/Kings/Press/vendor/laravel/framework/src/Illuminate/Foundation/Bootstrap/LoadConfiguration.php(65): Illuminate\\Foundation\\Bootstrap\\LoadConfiguration->getConfigurationFiles()
#2 /home/vagrant/Laravel-projects/Kings/Press/vendor/laravel/framework/src/Illuminate/Foundation/Bootstrap/LoadConfiguration.php(39): Illuminate\\Foundation\\Bootstrap\\LoadConfiguration->loadConfigurationFiles()
#3 /home/vagrant/Laravel-projects/Kings/Press/vendor/laravel/framework/src/Illuminate/Foundation/Application.php(230): Illuminate\\Foundation\\Bootstrap\\LoadConfiguration->bootstrap()
#4 /home/vagrant/Laravel-projects/Kings/Press/vendor/laravel/framework/src/Illuminate/Foundation/Console/Kernel.php(310): Illuminate\\Foundation\\Application->bootstrapWith()
#5 /home/vagrant/Laravel-projects/Kings/Press/vendor/laravel/framework/src/Illuminate/Foundation/Console/Kernel.php(127): Illuminate\\Foundation\\Console\\Kernel->bootstrap()
#6 /home/vagrant/Laravel-projects/Kings/Press/artisan(37): Illuminate\\Foundation\\Console\\Kernel->handle()
#7 {main}
"} 
[2020-07-13 16:17:46] laravel.EMERGENCY: Unable to create configured logger. Using emergency logger. {"exception":"[object] (InvalidArgumentException(code: 0): Log [] is not defined. at /home/vagrant/Laravel-projects/Kings/Press/vendor/laravel/framework/src/Illuminate/Log/LogManager.php:192)
[stacktrace]
#0 /home/vagrant/Laravel-projects/Kings/Press/vendor/laravel/framework/src/Illuminate/Log/LogManager.php(118): Illuminate\\Log\\LogManager->resolve()
#1 /home/vagrant/Laravel-projects/Kings/Press/vendor/laravel/framework/src/Illuminate/Log/LogManager.php(98): Illuminate\\Log\\LogManager->get()
#2 /home/vagrant/Laravel-projects/Kings/Press/vendor/laravel/framework/src/Illuminate/Log/LogManager.php(547): Illuminate\\Log\\LogManager->driver()
#3 /home/vagrant/Laravel-projects/Kings/Press/vendor/laravel/framework/src/Illuminate/Foundation/Exceptions/Handler.php(122): Illuminate\\Log\\LogManager->error()
#4 /home/vagrant/Laravel-projects/Kings/Press/src/Exceptions/Handler.php(39): Illuminate\\Foundation\\Exceptions\\Handler->report()
#5 /home/vagrant/Laravel-projects/Kings/Press/vendor/laravel/framework/src/Illuminate/Foundation/Console/Kernel.php(366): Kings\\Press\\Exceptions\\Handler->report()
#6 /home/vagrant/Laravel-projects/Kings/Press/vendor/laravel/framework/src/Illuminate/Foundation/Console/Kernel.php(131): Illuminate\\Foundation\\Console\\Kernel->reportException()
#7 /home/vagrant/Laravel-projects/Kings/Press/artisan(37): Illuminate\\Foundation\\Console\\Kernel->handle()
#8 {main}
"} 
[2020-07-13 16:17:46] laravel.ERROR: The "" directory does not exist. {"exception":"[object] (Symfony\\Component\\Finder\\Exception\\DirectoryNotFoundException(code: 0): The \"\" directory does not exist. at /home/vagrant/Laravel-projects/Kings/Press/vendor/symfony/finder/Finder.php:589)
[stacktrace]
#0 /home/vagrant/Laravel-projects/Kings/Press/vendor/laravel/framework/src/Illuminate/Foundation/Bootstrap/LoadConfiguration.php(88): Symfony\\Component\\Finder\\Finder->in()
#1 /home/vagrant/Laravel-projects/Kings/Press/vendor/laravel/framework/src/Illuminate/Foundation/Bootstrap/LoadConfiguration.php(65): Illuminate\\Foundation\\Bootstrap\\LoadConfiguration->getConfigurationFiles()
#2 /home/vagrant/Laravel-projects/Kings/Press/vendor/laravel/framework/src/Illuminate/Foundation/Bootstrap/LoadConfiguration.php(39): Illuminate\\Foundation\\Bootstrap\\LoadConfiguration->loadConfigurationFiles()
#3 /home/vagrant/Laravel-projects/Kings/Press/vendor/laravel/framework/src/Illuminate/Foundation/Application.php(230): Illuminate\\Foundation\\Bootstrap\\LoadConfiguration->bootstrap()
#4 /home/vagrant/Laravel-projects/Kings/Press/vendor/laravel/framework/src/Illuminate/Foundation/Console/Kernel.php(310): Illuminate\\Foundation\\Application->bootstrapWith()
#5 /home/vagrant/Laravel-projects/Kings/Press/vendor/laravel/framework/src/Illuminate/Foundation/Console/Kernel.php(127): Illuminate\\Foundation\\Console\\Kernel->bootstrap()
#6 /home/vagrant/Laravel-projects/Kings/Press/artisan(37): Illuminate\\Foundation\\Console\\Kernel->handle()
#7 {main}
"} 
[2020-07-13 16:18:10] laravel.EMERGENCY: Unable to create configured logger. Using emergency logger. {"exception":"[object] (InvalidArgumentException(code: 0): Log [] is not defined. at /home/vagrant/Laravel-projects/Kings/Press/vendor/laravel/framework/src/Illuminate/Log/LogManager.php:192)
[stacktrace]
#0 /home/vagrant/Laravel-projects/Kings/Press/vendor/laravel/framework/src/Illuminate/Log/LogManager.php(118): Illuminate\\Log\\LogManager->resolve()
#1 /home/vagrant/Laravel-projects/Kings/Press/vendor/laravel/framework/src/Illuminate/Log/LogManager.php(98): Illuminate\\Log\\LogManager->get()
#2 /home/vagrant/Laravel-projects/Kings/Press/vendor/laravel/framework/src/Illuminate/Log/LogManager.php(547): Illuminate\\Log\\LogManager->driver()
#3 /home/vagrant/Laravel-projects/Kings/Press/vendor/laravel/framework/src/Illuminate/Foundation/Exceptions/Handler.php(122): Illuminate\\Log\\LogManager->error()
#4 /home/vagrant/Laravel-projects/Kings/Press/src/Exceptions/Handler.php(39): Illuminate\\Foundation\\Exceptions\\Handler->report()
#5 /home/vagrant/Laravel-projects/Kings/Press/vendor/laravel/framework/src/Illuminate/Foundation/Console/Kernel.php(366): Kings\\Press\\Exceptions\\Handler->report()
#6 /home/vagrant/Laravel-projects/Kings/Press/vendor/laravel/framework/src/Illuminate/Foundation/Console/Kernel.php(131): Illuminate\\Foundation\\Console\\Kernel->reportException()
#7 /home/vagrant/Laravel-projects/Kings/Press/artisan(37): Illuminate\\Foundation\\Console\\Kernel->handle()
#8 {main}
"} 
[2020-07-13 16:18:10] laravel.ERROR: The "" directory does not exist. {"exception":"[object] (Symfony\\Component\\Finder\\Exception\\DirectoryNotFoundException(code: 0): The \"\" directory does not exist. at /home/vagrant/Laravel-projects/Kings/Press/vendor/symfony/finder/Finder.php:589)
[stacktrace]
#0 /home/vagrant/Laravel-projects/Kings/Press/vendor/laravel/framework/src/Illuminate/Foundation/Bootstrap/LoadConfiguration.php(88): Symfony\\Component\\Finder\\Finder->in()
#1 /home/vagrant/Laravel-projects/Kings/Press/vendor/laravel/framework/src/Illuminate/Foundation/Bootstrap/LoadConfiguration.php(65): Illuminate\\Foundation\\Bootstrap\\LoadConfiguration->getConfigurationFiles()
#2 /home/vagrant/Laravel-projects/Kings/Press/vendor/laravel/framework/src/Illuminate/Foundation/Bootstrap/LoadConfiguration.php(39): Illuminate\\Foundation\\Bootstrap\\LoadConfiguration->loadConfigurationFiles()
#3 /home/vagrant/Laravel-projects/Kings/Press/vendor/laravel/framework/src/Illuminate/Foundation/Application.php(230): Illuminate\\Foundation\\Bootstrap\\LoadConfiguration->bootstrap()
#4 /home/vagrant/Laravel-projects/Kings/Press/vendor/laravel/framework/src/Illuminate/Foundation/Console/Kernel.php(310): Illuminate\\Foundation\\Application->bootstrapWith()
#5 /home/vagrant/Laravel-projects/Kings/Press/vendor/laravel/framework/src/Illuminate/Foundation/Console/Kernel.php(127): Illuminate\\Foundation\\Console\\Kernel->bootstrap()
#6 /home/vagrant/Laravel-projects/Kings/Press/artisan(37): Illuminate\\Foundation\\Console\\Kernel->handle()
#7 {main}
"} 
[2020-07-13 16:18:28] laravel.EMERGENCY: Unable to create configured logger. Using emergency logger. {"exception":"[object] (InvalidArgumentException(code: 0): Log [] is not defined. at /home/vagrant/Laravel-projects/Kings/Press/vendor/laravel/framework/src/Illuminate/Log/LogManager.php:192)
[stacktrace]
#0 /home/vagrant/Laravel-projects/Kings/Press/vendor/laravel/framework/src/Illuminate/Log/LogManager.php(118): Illuminate\\Log\\LogManager->resolve()
#1 /home/vagrant/Laravel-projects/Kings/Press/vendor/laravel/framework/src/Illuminate/Log/LogManager.php(98): Illuminate\\Log\\LogManager->get()
#2 /home/vagrant/Laravel-projects/Kings/Press/vendor/laravel/framework/src/Illuminate/Log/LogManager.php(547): Illuminate\\Log\\LogManager->driver()
#3 /home/vagrant/Laravel-projects/Kings/Press/vendor/laravel/framework/src/Illuminate/Foundation/Exceptions/Handler.php(122): Illuminate\\Log\\LogManager->error()
#4 /home/vagrant/Laravel-projects/Kings/Press/src/Exceptions/Handler.php(39): Illuminate\\Foundation\\Exceptions\\Handler->report()
#5 /home/vagrant/Laravel-projects/Kings/Press/vendor/laravel/framework/src/Illuminate/Foundation/Console/Kernel.php(366): Kings\\Press\\Exceptions\\Handler->report()
#6 /home/vagrant/Laravel-projects/Kings/Press/vendor/laravel/framework/src/Illuminate/Foundation/Console/Kernel.php(131): Illuminate\\Foundation\\Console\\Kernel->reportException()
#7 /home/vagrant/Laravel-projects/Kings/Press/artisan(37): Illuminate\\Foundation\\Console\\Kernel->handle()
#8 {main}
"} 
[2020-07-13 16:18:28] laravel.ERROR: The "" directory does not exist. {"exception":"[object] (Symfony\\Component\\Finder\\Exception\\DirectoryNotFoundException(code: 0): The \"\" directory does not exist. at /home/vagrant/Laravel-projects/Kings/Press/vendor/symfony/finder/Finder.php:589)
[stacktrace]
#0 /home/vagrant/Laravel-projects/Kings/Press/vendor/laravel/framework/src/Illuminate/Foundation/Bootstrap/LoadConfiguration.php(88): Symfony\\Component\\Finder\\Finder->in()
#1 /home/vagrant/Laravel-projects/Kings/Press/vendor/laravel/framework/src/Illuminate/Foundation/Bootstrap/LoadConfiguration.php(65): Illuminate\\Foundation\\Bootstrap\\LoadConfiguration->getConfigurationFiles()
#2 /home/vagrant/Laravel-projects/Kings/Press/vendor/laravel/framework/src/Illuminate/Foundation/Bootstrap/LoadConfiguration.php(39): Illuminate\\Foundation\\Bootstrap\\LoadConfiguration->loadConfigurationFiles()
#3 /home/vagrant/Laravel-projects/Kings/Press/vendor/laravel/framework/src/Illuminate/Foundation/Application.php(230): Illuminate\\Foundation\\Bootstrap\\LoadConfiguration->bootstrap()
#4 /home/vagrant/Laravel-projects/Kings/Press/vendor/laravel/framework/src/Illuminate/Foundation/Console/Kernel.php(310): Illuminate\\Foundation\\Application->bootstrapWith()
#5 /home/vagrant/Laravel-projects/Kings/Press/vendor/laravel/framework/src/Illuminate/Foundation/Console/Kernel.php(127): Illuminate\\Foundation\\Console\\Kernel->bootstrap()
#6 /home/vagrant/Laravel-projects/Kings/Press/artisan(37): Illuminate\\Foundation\\Console\\Kernel->handle()
#7 {main}
"} 
[2020-07-13 16:19:28] laravel.EMERGENCY: Unable to create configured logger. Using emergency logger. {"exception":"[object] (InvalidArgumentException(code: 0): Log [] is not defined. at /home/vagrant/Laravel-projects/Kings/Press/vendor/laravel/framework/src/Illuminate/Log/LogManager.php:192)
[stacktrace]
#0 /home/vagrant/Laravel-projects/Kings/Press/vendor/laravel/framework/src/Illuminate/Log/LogManager.php(118): Illuminate\\Log\\LogManager->resolve()
#1 /home/vagrant/Laravel-projects/Kings/Press/vendor/laravel/framework/src/Illuminate/Log/LogManager.php(98): Illuminate\\Log\\LogManager->get()
#2 /home/vagrant/Laravel-projects/Kings/Press/vendor/laravel/framework/src/Illuminate/Log/LogManager.php(547): Illuminate\\Log\\LogManager->driver()
#3 /home/vagrant/Laravel-projects/Kings/Press/vendor/laravel/framework/src/Illuminate/Foundation/Exceptions/Handler.php(122): Illuminate\\Log\\LogManager->error()
#4 /home/vagrant/Laravel-projects/Kings/Press/src/Exceptions/Handler.php(39): Illuminate\\Foundation\\Exceptions\\Handler->report()
#5 /home/vagrant/Laravel-projects/Kings/Press/vendor/laravel/framework/src/Illuminate/Foundation/Console/Kernel.php(366): Kings\\Press\\Exceptions\\Handler->report()
#6 /home/vagrant/Laravel-projects/Kings/Press/vendor/laravel/framework/src/Illuminate/Foundation/Console/Kernel.php(131): Illuminate\\Foundation\\Console\\Kernel->reportException()
#7 /home/vagrant/Laravel-projects/Kings/Press/artisan(37): Illuminate\\Foundation\\Console\\Kernel->handle()
#8 {main}
"} 
[2020-07-13 16:19:28] laravel.ERROR: The "" directory does not exist. {"exception":"[object] (Symfony\\Component\\Finder\\Exception\\DirectoryNotFoundException(code: 0): The \"\" directory does not exist. at /home/vagrant/Laravel-projects/Kings/Press/vendor/symfony/finder/Finder.php:589)
[stacktrace]
#0 /home/vagrant/Laravel-projects/Kings/Press/vendor/laravel/framework/src/Illuminate/Foundation/Bootstrap/LoadConfiguration.php(88): Symfony\\Component\\Finder\\Finder->in()
#1 /home/vagrant/Laravel-projects/Kings/Press/vendor/laravel/framework/src/Illuminate/Foundation/Bootstrap/LoadConfiguration.php(65): Illuminate\\Foundation\\Bootstrap\\LoadConfiguration->getConfigurationFiles()
#2 /home/vagrant/Laravel-projects/Kings/Press/vendor/laravel/framework/src/Illuminate/Foundation/Bootstrap/LoadConfiguration.php(39): Illuminate\\Foundation\\Bootstrap\\LoadConfiguration->loadConfigurationFiles()
#3 /home/vagrant/Laravel-projects/Kings/Press/vendor/laravel/framework/src/Illuminate/Foundation/Application.php(230): Illuminate\\Foundation\\Bootstrap\\LoadConfiguration->bootstrap()
#4 /home/vagrant/Laravel-projects/Kings/Press/vendor/laravel/framework/src/Illuminate/Foundation/Console/Kernel.php(310): Illuminate\\Foundation\\Application->bootstrapWith()
#5 /home/vagrant/Laravel-projects/Kings/Press/vendor/laravel/framework/src/Illuminate/Foundation/Console/Kernel.php(127): Illuminate\\Foundation\\Console\\Kernel->bootstrap()
#6 /home/vagrant/Laravel-projects/Kings/Press/artisan(37): Illuminate\\Foundation\\Console\\Kernel->handle()
#7 {main}
"} 
